Change Component Designator: OldDesignator=TC2 NewDesignator=TC4
Change Component Designator: OldDesignator=TC4 NewDesignator=TC2
Added Component: Designator=TC5(Thermocouple F)
Add component. Clean all parameters for all variants
Add component (AddParameter): Name = "LatestRevisionDate"; Value = "17-Jul-2002"; VariantName = "[No Variations]"
Add component (AddParameter): Name = "LatestRevisionNote"; Value = "Re-released for DXP Platform."; VariantName = "[No Variations]"
Add component (AddParameter): Name = "Publisher"; Value = "Altium Limited"; VariantName = "[No Variations]"
Added Component: Designator=TC6(Thermocouple F)
Add component. Clean all parameters for all variants
Add component (AddParameter): Name = "LatestRevisionDate"; Value = "17-Jul-2002"; VariantName = "[No Variations]"
Add component (AddParameter): Name = "LatestRevisionNote"; Value = "Re-released for DXP Platform."; VariantName = "[No Variations]"
Add component (AddParameter): Name = "Publisher"; Value = "Altium Limited"; VariantName = "[No Variations]"
Added Component: Designator=TC7(Thermocouple F)
Add component. Clean all parameters for all variants
Add component (AddParameter): Name = "LatestRevisionDate"; Value = "17-Jul-2002"; VariantName = "[No Variations]"
Add component (AddParameter): Name = "LatestRevisionNote"; Value = "Re-released for DXP Platform."; VariantName = "[No Variations]"
Add component (AddParameter): Name = "Publisher"; Value = "Altium Limited"; VariantName = "[No Variations]"
Added Component: Designator=TC8(Thermocouple F)
Add component. Clean all parameters for all variants
Add component (AddParameter): Name = "LatestRevisionDate"; Value = "17-Jul-2002"; VariantName = "[No Variations]"
Add component (AddParameter): Name = "LatestRevisionNote"; Value = "Re-released for DXP Platform."; VariantName = "[No Variations]"
Add component (AddParameter): Name = "Publisher"; Value = "Altium Limited"; VariantName = "[No Variations]"
Added Member To Class: ClassName=T7BR-Schematic Member=Component TC3 Header 4H
Added Member To Class: ClassName=T7BR-Schematic Member=Component TC4 Header 4H
Added Member To Class: ClassName=T7BR-Schematic Member=Component TC5 Header 4H
Added Member To Class: ClassName=T7BR-Schematic Member=Component TC6 Header 4H
Added Member To Class: ClassName=T7BR-Schematic Member=Component TC7 Header 4H
Added Member To Class: ClassName=T7BR-Schematic Member=Component TC8 Header 4H
