Added Component: Designator=J2(DSUB_9)
Add component. Clean all parameters for all variants
Add component (AddParameter): Name = "DatasheetDocument"; Value = "1-Sep-1999"; VariantName = "[No Variations]"
Add component (AddParameter): Name = "Gender"; Value = "Receptacle"; VariantName = "[No Variations]"
Add component (AddParameter): Name = "LatestRevisionDate"; Value = "17-Jul-2002"; VariantName = "[No Variations]"
Add component (AddParameter): Name = "LatestRevisionNote"; Value = "Re-released for DXP Platform."; VariantName = "[No Variations]"
Add component (AddParameter): Name = "Orientation"; Value = "Right Angle"; VariantName = "[No Variations]"
Add component (AddParameter): Name = "PackageDocument"; Value = "O"; VariantName = "[No Variations]"
Add component (AddParameter): Name = "PackageReference"; Value = "788750"; VariantName = "[No Variations]"
Add component (AddParameter): Name = "Positions"; Value = "9"; VariantName = "[No Variations]"
Add component (AddParameter): Name = "Published"; Value = "15-Jun-2001"; VariantName = "[No Variations]"
Add component (AddParameter): Name = "Publisher"; Value = "Altium Limited"; VariantName = "[No Variations]"
Added Component: Designator=J3(DSUB_9)
Add component. Clean all parameters for all variants
Add component (AddParameter): Name = "DatasheetDocument"; Value = "1-Sep-1999"; VariantName = "[No Variations]"
Add component (AddParameter): Name = "Gender"; Value = "Receptacle"; VariantName = "[No Variations]"
Add component (AddParameter): Name = "LatestRevisionDate"; Value = "17-Jul-2002"; VariantName = "[No Variations]"
Add component (AddParameter): Name = "LatestRevisionNote"; Value = "Re-released for DXP Platform."; VariantName = "[No Variations]"
Add component (AddParameter): Name = "Orientation"; Value = "Right Angle"; VariantName = "[No Variations]"
Add component (AddParameter): Name = "PackageDocument"; Value = "O"; VariantName = "[No Variations]"
Add component (AddParameter): Name = "PackageReference"; Value = "788750"; VariantName = "[No Variations]"
Add component (AddParameter): Name = "Positions"; Value = "9"; VariantName = "[No Variations]"
Add component (AddParameter): Name = "Published"; Value = "15-Jun-2001"; VariantName = "[No Variations]"
Add component (AddParameter): Name = "Publisher"; Value = "Altium Limited"; VariantName = "[No Variations]"
Added Member To Class: ClassName=T7BR-Schematic Member=Component J2 D Connector 9
Added Member To Class: ClassName=T7BR-Schematic Member=Component J3 D Connector 9
