Removed Pin From Net: NetName=Net12V_2 Pin=12V-2
Removed Pin From Net: NetName=Net24V_2 Pin=24V-2
Added Component: Designator=D1(3.2X1.6X1.1)
Add component. Clean all parameters for all variants
Add component (AddParameter): Name = "LatestRevisionDate"; Value = "17-Jul-2002"; VariantName = "[No Variations]"
Add component (AddParameter): Name = "LatestRevisionNote"; Value = "Re-released for DXP Platform."; VariantName = "[No Variations]"
Add component (AddParameter): Name = "PackageDescription"; Value = "SM LED; 2 Flat Leads"; VariantName = "[No Variations]"
Add component (AddParameter): Name = "PackageReference"; Value = "3.2X1.6X1.1"; VariantName = "[No Variations]"
Add component (AddParameter): Name = "PackageVersion"; Value = "Feb-2002"; VariantName = "[No Variations]"
Add component (AddParameter): Name = "Published"; Value = "8-Jun-2000"; VariantName = "[No Variations]"
Add component (AddParameter): Name = "Publisher"; Value = "Altium Limited"; VariantName = "[No Variations]"
Added Component: Designator=D2(3.2X1.6X1.1)
Add component. Clean all parameters for all variants
Add component (AddParameter): Name = "LatestRevisionDate"; Value = "17-Jul-2002"; VariantName = "[No Variations]"
Add component (AddParameter): Name = "LatestRevisionNote"; Value = "Re-released for DXP Platform."; VariantName = "[No Variations]"
Add component (AddParameter): Name = "PackageDescription"; Value = "SM LED; 2 Flat Leads"; VariantName = "[No Variations]"
Add component (AddParameter): Name = "PackageReference"; Value = "3.2X1.6X1.1"; VariantName = "[No Variations]"
Add component (AddParameter): Name = "PackageVersion"; Value = "Feb-2002"; VariantName = "[No Variations]"
Add component (AddParameter): Name = "Published"; Value = "8-Jun-2000"; VariantName = "[No Variations]"
Add component (AddParameter): Name = "Publisher"; Value = "Altium Limited"; VariantName = "[No Variations]"
Added Pin To Net: NetName=Net24V_2 Pin=D1-2
Added Pin To Net: NetName=Net12V_2 Pin=D2-2
Change Net Name : Old Net Name=Net12V_2 New Net Name=NetD2_2
Change Net Name : Old Net Name=Net24V_2 New Net Name=NetD1_2
Added Pin To Net: NetName=Net12V_2 Pin=12V-2
Added Pin To Net: NetName=Net12V_2 Pin=D2-1
Added Net: Name=Net12V_2
Added Pin To Net: NetName=Net24V_2 Pin=24V-2
Added Pin To Net: NetName=Net24V_2 Pin=D1-1
Added Net: Name=Net24V_2
Added Member To Class: ClassName=T7BR-Schematic Member=Component D1 LED2
Added Member To Class: ClassName=T7BR-Schematic Member=Component D2 LED2
