Removed Pin From Net: NetName=NetJ1_7 Pin=P6-3
Removed Pin From Net: NetName=NetJ1_7 Pin=R6-1
Removed Pin From Net: NetName=NetJ1_8 Pin=TC1-15
Removed Pin From Net: NetName=NetJ1_9 Pin=TC2-15
Removed Pin From Net: NetName=NetJ1_10 Pin=TC3-15
Removed Pin From Net: NetName=NetJ1_11 Pin=TC4-15
Removed Pin From Net: NetName=NetJ1_12 Pin=TC5-15
Removed Pin From Net: NetName=NetJ1_13 Pin=TC6-15
Removed Pin From Net: NetName=NetJ1_14 Pin=TC7-15
Added Pin To Net: NetName=GND Pin=J1-15
Added Pin To Net: NetName=NetJ1_7 Pin=TC1-15
Added Pin To Net: NetName=NetJ1_8 Pin=TC2-15
Added Pin To Net: NetName=NetJ1_9 Pin=TC3-15
Added Pin To Net: NetName=NetJ1_10 Pin=TC4-15
Added Pin To Net: NetName=NetJ1_11 Pin=TC5-15
Added Pin To Net: NetName=NetJ1_12 Pin=TC6-15
Added Pin To Net: NetName=NetJ1_13 Pin=TC7-15
Added Pin To Net: NetName=NetJ1_14 Pin=TC8-15
Added Pin To Net: NetName=NetJ1_6 Pin=J1-6
Added Pin To Net: NetName=NetJ1_6 Pin=P6-3
Added Pin To Net: NetName=NetJ1_6 Pin=R6-1
Added Net: Name=NetJ1_6
